{
  "RSpec": {
    "coverage": {
      "/home/cheerful-cyborg-3494/tic-tac-toe-rb-ruby-intro-000/lib/tic_tac_toe.rb": [
        null,
        null,
        1,
        null,
        null,
        null,
        null,
        null,
        null,
        null,
        null,
        null,
        null,
        null,
        1,
        2,
        2,
        2,
        2,
        2,
        null,
        null,
        null,
        1,
        6,
        null,
        null,
        null,
        1,
        3,
        null,
        null,
        null,
        1,
        6,
        1,
        5,
        3,
        null,
        null,
        null,
        null,
        1,
        10,
        7,
        3,
        0,
        3,
        3,
        null,
        null,
        null,
        null,
        1,
        3,
        3,
        3,
        3,
        2,
        0,
        null,
        1,
        null,
        null,
        null,
        null,
        1,
        2,
        2,
        18,
        5,
        null,
        null,
        null,
        2,
        null,
        null,
        null,
        1,
        1,
        1,
        null,
        0,
        null,
        null
      ]
    },
    "timestamp": 1598728949
  }
}
