{
  "RSpec": {
    "coverage": {
      "/home/cheerful-cyborg-3494/tic-tac-toe-rb-ruby-intro-000/lib/tic_tac_toe.rb": [
        null,
        null,
        1,
        null,
        null,
        null,
        null,
        null,
        null,
        null,
        null,
        null,
        null,
        null,
        1,
        7,
        7,
        7,
        7,
        7,
        null,
        null,
        null,
        1,
        18637,
        null,
        null,
        null,
        1,
        7,
        null,
        null,
        null,
        1,
        18637,
        18630,
        7,
        7,
        null,
        null,
        null,
        null,
        1,
        18637,
        7,
        18630,
        0,
        18630,
        18630,
        null,
        null,
        null,
        null,
        1,
        18639,
        18637,
        18637,
        18637,
        7,
        7,
        null,
        18630,
        null,
        null,
        null,
        null,
        1,
        7,
        7,
        63,
        10,
        null,
        null,
        null,
        7,
        null,
        null,
        null,
        1,
        7,
        5,
        null,
        2,
        null,
        null,
        null,
        null,
        1,
        null,
        null,
        10,
        null,
        null,
        76,
        76,
        null,
        76,
        null,
        null,
        228,
        28,
        null,
        28,
        1,
        null,
        null,
        200,
        null,
        null,
        null,
        227,
        12,
        null,
        12,
        0,
        null,
        null,
        215,
        null,
        null,
        null,
        null,
        null,
        null,
        9,
        null,
        null,
        null,
        1,
        0,
        0,
        0,
        null,
        0,
        null,
        null,
        null,
        null,
        null,
        1,
        0,
        0,
        null,
        0,
        null,
        null,
        null,
        null,
        1,
        0,
        0,
        0,
        0,
        null,
        0,
        null,
        null,
        null,
        null,
        1,
        0,
        0,
        null,
        null,
        null,
        null,
        null,
        null,
        null,
        null,
        1,
        3,
        9,
        null,
        null
      ]
    },
    "timestamp": 1598730030
  }
}
